<?xml version="1.0" encoding="UTF-8"?>
<!-- Generated by org.testng.reporters.JUnitReportReporter -->
<testsuite skipped="0" hostname="C02MH85HFH00.local" name="maven.learning.LoadTest01" tests="1" failures="0" timestamp="20 Jun 2018 08:15:10 GMT" time="68.722" errors="0">
  <testcase name="loginAndLaunchAManualSession" time="68.722" classname="maven.learning.LoadTest01"/>
</testsuite> <!-- maven.learning.LoadTest01 -->
